#
# There is insufficient memory for the Java Runtime Environment to continue.
# Native memory allocation (mmap) failed to map 1073741824 bytes for committing reserved memory.
# Possible reasons:
#   The system is out of physical RAM or swap space
#   The process is running with CompressedOops enabled, and the Java Heap may be blocking the growth of the native heap
# Possible solutions:
#   Reduce memory load on the system
#   Increase physical memory or swap space
#   Check if swap backing store is full
#   Decrease Java heap size (-Xmx/-Xms)
#   Decrease number of Java threads
#   Decrease Java thread stack sizes (-Xss)
#   Set larger code cache with -XX:ReservedCodeCacheSize=
# This output file may be truncated or incomplete.
#
#  Out of Memory Error (os_linux.cpp:2794), pid=29478, tid=0x00007f98c0d18640
#
# JRE version:  (8.0_362-b09) (build )
# Java VM: OpenJDK 64-Bit Server VM (25.362-b09 mixed mode linux-amd64 compressed oops)
# Failed to write core dump. Core dumps have been disabled. To enable core dumping, try "ulimit -c unlimited" before starting Java again
#

---------------  T H R E A D  ---------------

Current thread (0x00007f98b800f000):  JavaThread "Unknown thread" [_thread_in_vm, id=29815, stack(0x00007f98c0c19000,0x00007f98c0d19000)]

Stack: [0x00007f98c0c19000,0x00007f98c0d19000],  sp=0x00007f98c0d17360,  free space=1016k
Native frames: (J=compiled Java code, j=interpreted, Vv=VM code, C=native code)
V  [libjvm.so+0xb3cf67]
V  [libjvm.so+0x4ef48f]
V  [libjvm.so+0x981b61]
V  [libjvm.so+0x97bce0]
V  [libjvm.so+0x5b76ac]
V  [libjvm.so+0x5b7863]
V  [libjvm.so+0x5ba1f9]
V  [libjvm.so+0x62db44]
V  [libjvm.so+0x62eb21]
V  [libjvm.so+0x62ef48]
V  [libjvm.so+0x590fa2]
V  [libjvm.so+0x59973e]
V  [libjvm.so+0xafffc1]
V  [libjvm.so+0xb00276]
V  [libjvm.so+0x64308f]
V  [libjvm.so+0xadf590]
V  [libjvm.so+0x71a030]  JNI_CreateJavaVM+0x60
C  [libjli.so+0x441a]
C  [libjli.so+0x8971]
C  [libc.so.6+0x94b43]


---------------  P R O C E S S  ---------------

Java Threads: ( => current thread )

Other Threads:

=>0x00007f98b800f000 (exited) JavaThread "Unknown thread" [_thread_in_vm, id=29815, stack(0x00007f98c0c19000,0x00007f98c0d19000)]

VM state:not at safepoint (not fully initialized)

VM Mutex/Monitor currently owned by a thread:  ([mutex/lock_event])
[0x00007f98b800de50] Heap_lock - owner thread: 0x00007f98b800f000

heap address: 0x00000000c0000000, size: 1024 MB, Compressed Oops mode: Non-zero based:0x00000000bffff000
Narrow klass base: 0x0000000000000000, Narrow klass shift: 0

GC Heap History (0 events):
No events

Deoptimization events (0 events):
No events

Classes redefined (0 events):
No events

Internal exceptions (0 events):
No events

Events (0 events):
No events


Dynamic libraries:
56283ca62000-56283ca63000 r--p 00000000 ca:01 530785                     /usr/lib/jvm/java-8-openjdk-amd64/jre/bin/java
56283ca63000-56283ca64000 r-xp 00001000 ca:01 530785                     /usr/lib/jvm/java-8-openjdk-amd64/jre/bin/java
56283ca64000-56283ca65000 r--p 00002000 ca:01 530785                     /usr/lib/jvm/java-8-openjdk-amd64/jre/bin/java
56283ca65000-56283ca66000 r--p 00002000 ca:01 530785                     /usr/lib/jvm/java-8-openjdk-amd64/jre/bin/java
56283ca66000-56283ca67000 rw-p 00003000 ca:01 530785                     /usr/lib/jvm/java-8-openjdk-amd64/jre/bin/java
56283cd8d000-56283cdae000 rw-p 00000000 00:00 0                          [heap]
7f9890000000-7f9890021000 rw-p 00000000 00:00 0 
7f9890021000-7f9894000000 ---p 00000000 00:00 0 
7f9894000000-7f9894021000 rw-p 00000000 00:00 0 
7f9894021000-7f9898000000 ---p 00000000 00:00 0 
7f989a000000-7f989c000000 rw-p 00000000 00:00 0 
7f989c000000-7f989c021000 rw-p 00000000 00:00 0 
7f989c021000-7f98a0000000 ---p 00000000 00:00 0 
7f98a0000000-7f98a0021000 rw-p 00000000 00:00 0 
7f98a0021000-7f98a4000000 ---p 00000000 00:00 0 
7f98a4000000-7f98a4021000 rw-p 00000000 00:00 0 
7f98a4021000-7f98a8000000 ---p 00000000 00:00 0 
7f98a9000000-7f98a9270000 rwxp 00000000 00:00 0 
7f98a9270000-7f98b8000000 ---p 00000000 00:00 0 
7f98b8000000-7f98b8066000 rw-p 00000000 00:00 0 
7f98b8066000-7f98bc000000 ---p 00000000 00:00 0 
7f98bc83a000-7f98bc93b000 rw-p 00000000 00:00 0 
7f98bc93b000-7f98bc93c000 ---p 00000000 00:00 0 
7f98bc93c000-7f98bca3c000 rw-p 00000000 00:00 0 
7f98bca3c000-7f98bca3d000 ---p 00000000 00:00 0 
7f98bca3d000-7f98bcb3d000 rw-p 00000000 00:00 0 
7f98bcb3d000-7f98bf33d000 ---p 00000000 00:00 0 
7f98bf33d000-7f98bf33e000 ---p 00000000 00:00 0 
7f98bf33e000-7f98bf43e000 rw-p 00000000 00:00 0 
7f98bf43e000-7f98bf43f000 ---p 00000000 00:00 0 
7f98bf43f000-7f98bf64a000 rw-p 00000000 00:00 0 
7f98bf64a000-7f98bfa00000 ---p 00000000 00:00 0 
7f98bfa00000-7f98bfa9a000 r--p 00000000 ca:01 3575                       /usr/lib/x86_64-linux-gnu/libstdc++.so.6.0.30
7f98bfa9a000-7f98bfbaa000 r-xp 0009a000 ca:01 3575                       /usr/lib/x86_64-linux-gnu/libstdc++.so.6.0.30
7f98bfbaa000-7f98bfc19000 r--p 001aa000 ca:01 3575                       /usr/lib/x86_64-linux-gnu/libstdc++.so.6.0.30
7f98bfc19000-7f98bfc24000 r--p 00218000 ca:01 3575                       /usr/lib/x86_64-linux-gnu/libstdc++.so.6.0.30
7f98bfc24000-7f98bfc27000 rw-p 00223000 ca:01 3575                       /usr/lib/x86_64-linux-gnu/libstdc++.so.6.0.30
7f98bfc27000-7f98bfc2a000 rw-p 00000000 00:00 0 
7f98bfc7d000-7f98bfcff000 rw-p 00000000 00:00 0 
7f98bfcff000-7f98bfd00000 ---p 00000000 00:00 0 
7f98bfd00000-7f98bfe00000 rw-p 00000000 00:00 0 
7f98bfe00000-7f98bfff5000 r--p 00000000 ca:01 530834                     /usr/lib/jvm/java-8-openjdk-amd64/jre/lib/amd64/server/libjvm.so
7f98bfff5000-7f98c0965000 r-xp 001f5000 ca:01 530834                     /usr/lib/jvm/java-8-openjdk-amd64/jre/lib/amd64/server/libjvm.so
7f98c0965000-7f98c0b10000 r--p 00b65000 ca:01 530834                     /usr/lib/jvm/java-8-openjdk-amd64/jre/lib/amd64/server/libjvm.so
7f98c0b10000-7f98c0b11000 ---p 00d10000 ca:01 530834                     /usr/lib/jvm/java-8-openjdk-amd64/jre/lib/amd64/server/libjvm.so
7f98c0b11000-7f98c0ba7000 r--p 00d10000 ca:01 530834                     /usr/lib/jvm/java-8-openjdk-amd64/jre/lib/amd64/server/libjvm.so
7f98c0ba7000-7f98c0bd0000 rw-p 00da6000 ca:01 530834                     /usr/lib/jvm/java-8-openjdk-amd64/jre/lib/amd64/server/libjvm.so
7f98c0bd0000-7f98c0c03000 rw-p 00000000 00:00 0 
7f98c0c18000-7f98c0c19000 ---p 00000000 00:00 0 
7f98c0c19000-7f98c0c1c000 ---p 00000000 00:00 0 
7f98c0c1c000-7f98c0d19000 rw-p 00000000 00:00 0 
7f98c0d19000-7f98c0d27000 r--p 00000000 ca:01 3584                       /usr/lib/x86_64-linux-gnu/libm.so.6
7f98c0d27000-7f98c0da3000 r-xp 0000e000 ca:01 3584                       /usr/lib/x86_64-linux-gnu/libm.so.6
7f98c0da3000-7f98c0dfe000 r--p 0008a000 ca:01 3584                       /usr/lib/x86_64-linux-gnu/libm.so.6
7f98c0dfe000-7f98c0dff000 r--p 000e4000 ca:01 3584                       /usr/lib/x86_64-linux-gnu/libm.so.6
7f98c0dff000-7f98c0e00000 rw-p 000e5000 ca:01 3584                       /usr/lib/x86_64-linux-gnu/libm.so.6
7f98c0e00000-7f98c0e28000 r--p 00000000 ca:01 3581                       /usr/lib/x86_64-linux-gnu/libc.so.6
7f98c0e28000-7f98c0fbd000 r-xp 00028000 ca:01 3581                       /usr/lib/x86_64-linux-gnu/libc.so.6
7f98c0fbd000-7f98c1015000 r--p 001bd000 ca:01 3581                       /usr/lib/x86_64-linux-gnu/libc.so.6
7f98c1015000-7f98c1019000 r--p 00214000 ca:01 3581                       /usr/lib/x86_64-linux-gnu/libc.so.6
7f98c1019000-7f98c101b000 rw-p 00218000 ca:01 3581                       /usr/lib/x86_64-linux-gnu/libc.so.6
7f98c101b000-7f98c1028000 rw-p 00000000 00:00 0 
7f98c105c000-7f98c105f000 r--p 00000000 ca:01 530831                     /usr/lib/jvm/java-8-openjdk-amd64/jre/lib/amd64/libzip.so
7f98c105f000-7f98c1064000 r-xp 00003000 ca:01 530831                     /usr/lib/jvm/java-8-openjdk-amd64/jre/lib/amd64/libzip.so
7f98c1064000-7f98c1066000 r--p 00008000 ca:01 530831                     /usr/lib/jvm/java-8-openjdk-amd64/jre/lib/amd64/libzip.so
7f98c1066000-7f98c1067000 r--p 00009000 ca:01 530831                     /usr/lib/jvm/java-8-openjdk-amd64/jre/lib/amd64/libzip.so
7f98c1067000-7f98c1068000 rw-p 0000a000 ca:01 530831                     /usr/lib/jvm/java-8-openjdk-amd64/jre/lib/amd64/libzip.so
7f98c1068000-7f98c1070000 rw-s 00000000 ca:01 556829                     /tmp/hsperfdata_ubuntu/29478
7f98c1070000-7f98c107d000 r--p 00000000 ca:01 530812                     /usr/lib/jvm/java-8-openjdk-amd64/jre/lib/amd64/libjava.so
7f98c107d000-7f98c1095000 r-xp 0000d000 ca:01 530812                     /usr/lib/jvm/java-8-openjdk-amd64/jre/lib/amd64/libjava.so
7f98c1095000-7f98c109c000 r--p 00025000 ca:01 530812                     /usr/lib/jvm/java-8-openjdk-amd64/jre/lib/amd64/libjava.so
7f98c109c000-7f98c109d000 r--p 0002b000 ca:01 530812                     /usr/lib/jvm/java-8-openjdk-amd64/jre/lib/amd64/libjava.so
7f98c109d000-7f98c109f000 rw-p 0002c000 ca:01 530812                     /usr/lib/jvm/java-8-openjdk-amd64/jre/lib/amd64/libjava.so
7f98c109f000-7f98c10a4000 r--p 00000000 ca:01 530830                     /usr/lib/jvm/java-8-openjdk-amd64/jre/lib/amd64/libverify.so
7f98c10a4000-7f98c10ad000 r-xp 00005000 ca:01 530830                     /usr/lib/jvm/java-8-openjdk-amd64/jre/lib/amd64/libverify.so
7f98c10ad000-7f98c10af000 r--p 0000e000 ca:01 530830                     /usr/lib/jvm/java-8-openjdk-amd64/jre/lib/amd64/libverify.so
7f98c10af000-7f98c10b1000 r--p 0000f000 ca:01 530830                     /usr/lib/jvm/java-8-openjdk-amd64/jre/lib/amd64/libverify.so
7f98c10b1000-7f98c10b2000 rw-p 00011000 ca:01 530830                     /usr/lib/jvm/java-8-openjdk-amd64/jre/lib/amd64/libverify.so
7f98c10b2000-7f98c10b3000 r--p 00000000 ca:01 3595                       /usr/lib/x86_64-linux-gnu/librt.so.1
7f98c10b3000-7f98c10b4000 r-xp 00001000 ca:01 3595                       /usr/lib/x86_64-linux-gnu/librt.so.1
7f98c10b4000-7f98c10b5000 r--p 00002000 ca:01 3595                       /usr/lib/x86_64-linux-gnu/librt.so.1
7f98c10b5000-7f98c10b6000 r--p 00002000 ca:01 3595                       /usr/lib/x86_64-linux-gnu/librt.so.1
7f98c10b6000-7f98c10b7000 rw-p 00003000 ca:01 3595                       /usr/lib/x86_64-linux-gnu/librt.so.1
7f98c10b7000-7f98c10ba000 r--p 00000000 ca:01 3576                       /usr/lib/x86_64-linux-gnu/libgcc_s.so.1
7f98c10ba000-7f98c10d1000 r-xp 00003000 ca:01 3576                       /usr/lib/x86_64-linux-gnu/libgcc_s.so.1
7f98c10d1000-7f98c10d5000 r--p 0001a000 ca:01 3576                       /usr/lib/x86_64-linux-gnu/libgcc_s.so.1
7f98c10d5000-7f98c10d6000 r--p 0001d000 ca:01 3576                       /usr/lib/x86_64-linux-gnu/libgcc_s.so.1
7f98c10d6000-7f98c10d7000 rw-p 0001e000 ca:01 3576                       /usr/lib/x86_64-linux-gnu/libgcc_s.so.1
7f98c10d7000-7f98c10d9000 rw-p 00000000 00:00 0 
7f98c10d9000-7f98c10db000 r--p 00000000 ca:01 3968                       /usr/lib/x86_64-linux-gnu/libz.so.1.2.11
7f98c10db000-7f98c10ec000 r-xp 00002000 ca:01 3968                       /usr/lib/x86_64-linux-gnu/libz.so.1.2.11
7f98c10ec000-7f98c10f2000 r--p 00013000 ca:01 3968                       /usr/lib/x86_64-linux-gnu/libz.so.1.2.11
7f98c10f2000-7f98c10f3000 ---p 00019000 ca:01 3968                       /usr/lib/x86_64-linux-gnu/libz.so.1.2.11
7f98c10f3000-7f98c10f4000 r--p 00019000 ca:01 3968                       /usr/lib/x86_64-linux-gnu/libz.so.1.2.11
7f98c10f4000-7f98c10f5000 rw-p 0001a000 ca:01 3968                       /usr/lib/x86_64-linux-gnu/libz.so.1.2.11
7f98c10fb000-7f98c10fc000 rw-p 00000000 00:00 0 
7f98c10fc000-7f98c10ff000 r--p 00000000 ca:01 530798                     /usr/lib/jvm/java-8-openjdk-amd64/jre/lib/amd64/jli/libjli.so
7f98c10ff000-7f98c1108000 r-xp 00003000 ca:01 530798                     /usr/lib/jvm/java-8-openjdk-amd64/jre/lib/amd64/jli/libjli.so
7f98c1108000-7f98c110b000 r--p 0000c000 ca:01 530798                     /usr/lib/jvm/java-8-openjdk-amd64/jre/lib/amd64/jli/libjli.so
7f98c110b000-7f98c110c000 r--p 0000e000 ca:01 530798                     /usr/lib/jvm/java-8-openjdk-amd64/jre/lib/amd64/jli/libjli.so
7f98c110c000-7f98c110d000 rw-p 0000f000 ca:01 530798                     /usr/lib/jvm/java-8-openjdk-amd64/jre/lib/amd64/jli/libjli.so
7f98c110d000-7f98c110f000 rw-p 00000000 00:00 0 
7f98c110f000-7f98c1111000 r--p 00000000 ca:01 3578                       /usr/lib/x86_64-linux-gnu/ld-linux-x86-64.so.2
7f98c1111000-7f98c113b000 r-xp 00002000 ca:01 3578                       /usr/lib/x86_64-linux-gnu/ld-linux-x86-64.so.2
7f98c113b000-7f98c1146000 r--p 0002c000 ca:01 3578                       /usr/lib/x86_64-linux-gnu/ld-linux-x86-64.so.2
7f98c1146000-7f98c1147000 r--p 00000000 00:00 0 
7f98c1147000-7f98c1149000 r--p 00037000 ca:01 3578                       /usr/lib/x86_64-linux-gnu/ld-linux-x86-64.so.2
7f98c1149000-7f98c114b000 rw-p 00039000 ca:01 3578                       /usr/lib/x86_64-linux-gnu/ld-linux-x86-64.so.2
7ffc2e05d000-7ffc2e080000 rw-p 00000000 00:00 0                          [stack]
7ffc2e1bb000-7ffc2e1bf000 r--p 00000000 00:00 0                          [vvar]
7ffc2e1bf000-7ffc2e1c1000 r-xp 00000000 00:00 0                          [vdso]
ffffffffff600000-ffffffffff601000 --xp 00000000 00:00 0                  [vsyscall]

VM Arguments:
jvm_args: -Xmx1G -Xms1G -XX:+UseG1GC -XX:MaxGCPauseMillis=20 -XX:InitiatingHeapOccupancyPercent=35 -XX:+ExplicitGCInvokesConcurrent -XX:MaxInlineLevel=15 -Djava.awt.headless=true -Xloggc:/home/ubuntu/kafka/bin/../logs/kafkaServer-gc.log -verbose:gc -XX:+PrintGCDetails -XX:+PrintGCDateStamps -XX:+PrintGCTimeStamps -XX:+UseGCLogFileRotation -XX:NumberOfGCLogFiles=10 -XX:GCLogFileSize=100M -Dcom.sun.management.jmxremote -Dcom.sun.management.jmxremote.authenticate=false -Dcom.sun.management.jmxremote.ssl=false -Dkafka.logs.dir=/home/ubuntu/kafka/bin/../logs -Dlog4j.configuration=file:/home/ubuntu/kafka/bin/../config/log4j.properties 
java_command: kafka.Kafka /home/ubuntu/kafka/config/kraft/server.properties
java_class_path (initial): /home/ubuntu/kafka/bin/../libs/activation-1.1.1.jar:/home/ubuntu/kafka/bin/../libs/aopalliance-repackaged-2.6.1.jar:/home/ubuntu/kafka/bin/../libs/argparse4j-0.7.0.jar:/home/ubuntu/kafka/bin/../libs/audience-annotations-0.13.0.jar:/home/ubuntu/kafka/bin/../libs/commons-cli-1.4.jar:/home/ubuntu/kafka/bin/../libs/commons-lang3-3.8.1.jar:/home/ubuntu/kafka/bin/../libs/connect-api-3.5.0.jar:/home/ubuntu/kafka/bin/../libs/connect-basic-auth-extension-3.5.0.jar:/home/ubuntu/kafka/bin/../libs/connect-json-3.5.0.jar:/home/ubuntu/kafka/bin/../libs/connect-mirror-3.5.0.jar:/home/ubuntu/kafka/bin/../libs/connect-mirror-client-3.5.0.jar:/home/ubuntu/kafka/bin/../libs/connect-runtime-3.5.0.jar:/home/ubuntu/kafka/bin/../libs/connect-transforms-3.5.0.jar:/home/ubuntu/kafka/bin/../libs/hk2-api-2.6.1.jar:/home/ubuntu/kafka/bin/../libs/hk2-locator-2.6.1.jar:/home/ubuntu/kafka/bin/../libs/hk2-utils-2.6.1.jar:/home/ubuntu/kafka/bin/../libs/jackson-annotations-2.13.5.jar:/home/ubuntu/kafka/bin/../libs/jackson-core-2.13.5.jar:/home/ubuntu/kafka/bin/../libs/jackson-databind-2.13.5.jar:/home/ubuntu/kafka/bin/../libs/jackson-dataformat-csv-2.13.5.jar:/home/ubuntu/kafka/bin/../libs/jackson-datatype-jdk8-2.13.5.jar:/home/ubuntu/kafka/bin/../libs/jackson-jaxrs-base-2.13.5.jar:/home/ubuntu/kafka/bin/../libs/jackson-jaxrs-json-provider-2.13.5.jar:/home/ubuntu/kafka/bin/../libs/jackson-module-jaxb-annotations-2.13.5.jar:/home/ubuntu/kafka/bin/../libs/jackson-module-scala_2.13-2.13.5.jar:/home/ubuntu/kafka/bin/../libs/jakarta.activation-api-1.2.2.jar:/home/ubuntu/kafka/bin/../libs/jakarta.annotation-api-1.3.5.jar:/home/ubuntu/kafka/bin/../libs/jakarta.inject-2.6.1.jar:/home/ubuntu/kafka/bin/../libs/jakarta.validation-api-2.0.2.jar:/home/ubuntu/kafka/bin/../libs/jakarta.ws.rs-api-2.1.6.jar:/home/ubuntu/kafka/bin/../libs/jakarta.xml.bind-api-2.3.3.jar:/home/ubuntu/kafka/bin/../libs/javassist-3.29.2-GA.jar:/home/ubuntu/kafka/bin/../libs/javax.activation-api-1.2.0.jar:/hom
Launcher Type: SUN_STANDARD

Environment Variables:
JAVA_HOME=/usr/lib/jvm/java-8-openjdk-amd64
PATH=/home/ubuntu//.local/bin:/usr/local/sbin:/usr/local/bin:/usr/sbin:/usr/bin:/sbin:/bin:/usr/games:/usr/local/games:/snap/bin:/home/ubuntu//kafka/bin:/home/ubuntu/hadoop/sbin:/home/ubuntu/hadoop/bin:/home/ubuntu/hive/bin
SHELL=/bin/bash

Signal Handlers:
SIGSEGV: [libjvm.so+0xb3e4a0], sa_mask[0]=11111111011111111101111111111110, sa_flags=SA_RESTART|SA_SIGINFO
SIGBUS: [libjvm.so+0xb3e4a0], sa_mask[0]=11111111011111111101111111111110, sa_flags=SA_RESTART|SA_SIGINFO
SIGFPE: [libjvm.so+0x97cdf0], sa_mask[0]=11111111011111111101111111111110, sa_flags=SA_RESTART|SA_SIGINFO
SIGPIPE: [libjvm.so+0x97cdf0], sa_mask[0]=11111111011111111101111111111110, sa_flags=SA_RESTART|SA_SIGINFO
SIGXFSZ: [libjvm.so+0x97cdf0], sa_mask[0]=11111111011111111101111111111110, sa_flags=SA_RESTART|SA_SIGINFO
SIGILL: [libjvm.so+0x97cdf0], sa_mask[0]=11111111011111111101111111111110, sa_flags=SA_RESTART|SA_SIGINFO
SIGUSR1: SIG_DFL, sa_mask[0]=00000000000000000000000000000000, sa_flags=none
SIGUSR2: [libjvm.so+0x97d120], sa_mask[0]=00000000000000000000000000000000, sa_flags=SA_RESTART|SA_SIGINFO
SIGHUP: SIG_DFL, sa_mask[0]=00000000000000000000000000000000, sa_flags=none
SIGINT: SIG_DFL, sa_mask[0]=00000000000000000000000000000000, sa_flags=none
SIGTERM: SIG_DFL, sa_mask[0]=00000000000000000000000000000000, sa_flags=none
SIGQUIT: SIG_DFL, sa_mask[0]=00000000000000000000000000000000, sa_flags=none


---------------  S Y S T E M  ---------------

OS:DISTRIB_ID=Ubuntu
DISTRIB_RELEASE=22.04
DISTRIB_CODENAME=jammy
DISTRIB_DESCRIPTION="Ubuntu 22.04.2 LTS"

uname:Linux 5.19.0-1025-aws #26~22.04.1-Ubuntu SMP Mon Apr 24 01:58:15 UTC 2023 x86_64
libc:glibc 2.35 NPTL 2.35 
rlimit: STACK 8192k, CORE 0k, NPROC 3804, NOFILE 1048576, AS infinity
load average:0.30 0.08 0.84

/proc/meminfo:
MemTotal:         988920 kB
MemFree:           87208 kB
MemAvailable:     300572 kB
Buffers:           34324 kB
Cached:           311520 kB
SwapCached:            0 kB
Active:           179404 kB
Inactive:         473436 kB
Active(anon):       5732 kB
Inactive(anon):   330676 kB
Active(file):     173672 kB
Inactive(file):   142760 kB
Unevictable:       34396 kB
Mlocked:           27620 kB
SwapTotal:             0 kB
SwapFree:              0 kB
Zswap:                 0 kB
Zswapped:              0 kB
Dirty:                64 kB
Writeback:             0 kB
AnonPages:        341416 kB
Mapped:            61776 kB
Shmem:             13640 kB
KReclaimable:      49120 kB
Slab:             116240 kB
SReclaimable:      49120 kB
SUnreclaim:        67120 kB
KernelStack:        4160 kB
PageTables:         4668 kB
NFS_Unstable:          0 kB
Bounce:                0 kB
WritebackTmp:          0 kB
CommitLimit:      494460 kB
Committed_AS:    1121168 kB
VmallocTotal:   34359738367 kB
VmallocUsed:       29052 kB
VmallocChunk:          0 kB
Percpu:            10048 kB
HardwareCorrupted:     0 kB
AnonHugePages:         0 kB
ShmemHugePages:        0 kB
ShmemPmdMapped:        0 kB
FileHugePages:         0 kB
FilePmdMapped:         0 kB
HugePages_Total:       0
HugePages_Free:        0
HugePages_Rsvd:        0
HugePages_Surp:        0
Hugepagesize:       2048 kB
Hugetlb:               0 kB
DirectMap4k:       81920 kB
DirectMap2M:      966656 kB

container (cgroup) information:
container_type: cgroupv2
cpu_cpuset_cpus: failed
cpu_memory_nodes: failed
active_processor_count: 1
cpu_quota: -2
cpu_period: -2
cpu_shares: -2
memory_limit_in_bytes: -1
memory_and_swap_limit_in_bytes: -1
memory_soft_limit_in_bytes: 0
memory_usage_in_bytes: 54886400
memory_max_usage_in_bytes: -2


CPU:total 1 (initial active 1) (1 cores per cpu, 1 threads per core) family 6 model 63 stepping 2, cmov, cx8, fxsr, mmx, sse, sse2, sse3, ssse3, sse4.1, sse4.2, popcnt, avx, avx2, aes, clmul, erms, lzcnt, tsc, bmi1, bmi2

/proc/cpuinfo:
processor	: 0
vendor_id	: GenuineIntel
cpu family	: 6
model		: 63
model name	: Intel(R) Xeon(R) CPU E5-2676 v3 @ 2.40GHz
stepping	: 2
microcode	: 0x49
cpu MHz		: 2399.898
cache size	: 30720 KB
physical id	: 0
siblings	: 1
core id		: 0
cpu cores	: 1
apicid		: 0
initial apicid	: 0
fpu		: yes
fpu_exception	: yes
cpuid level	: 13
wp		: yes
flags		: fpu vme de pse tsc msr pae mce cx8 apic sep mtrr pge mca cmov pat pse36 clflush mmx fxsr sse sse2 ht syscall nx rdtscp lm constant_tsc rep_good nopl xtopology cpuid tsc_known_freq pni pclmulqdq ssse3 fma cx16 pcid sse4_1 sse4_2 x2apic movbe popcnt tsc_deadline_timer aes xsave avx f16c rdrand hypervisor lahf_lm abm cpuid_fault invpcid_single pti fsgsbase bmi1 avx2 smep bmi2 erms invpcid xsaveopt
bugs		: cpu_meltdown spectre_v1 spectre_v2 spec_store_bypass l1tf mds swapgs itlb_multihit mmio_stale_data
bogomips	: 4800.02
clflush size	: 64
cache_alignment	: 64
address sizes	: 46 bits physical, 48 bits virtual
power management:



Memory: 4k page, physical 988920k(87208k free), swap 0k(0k free)

vm_info: OpenJDK 64-Bit Server VM (25.362-b09) for linux-amd64 JRE (1.8.0_362-8u372-ga~us1-0ubuntu1~22.04-b09), built on May  6 2023 10:53:54 by "buildd" with gcc 11.3.0

time: Mon Jul 31 10:06:55 2023
timezone: UTC
elapsed time: 0.008047 seconds (0d 0h 0m 0s)

