#
# There is insufficient memory for the Java Runtime Environment to continue.
# Native memory allocation (mmap) failed to map 1073741824 bytes for committing reserved memory.
# Possible reasons:
#   The system is out of physical RAM or swap space
#   The process is running with CompressedOops enabled, and the Java Heap may be blocking the growth of the native heap
# Possible solutions:
#   Reduce memory load on the system
#   Increase physical memory or swap space
#   Check if swap backing store is full
#   Decrease Java heap size (-Xmx/-Xms)
#   Decrease number of Java threads
#   Decrease Java thread stack sizes (-Xss)
#   Set larger code cache with -XX:ReservedCodeCacheSize=
# This output file may be truncated or incomplete.
#
#  Out of Memory Error (os_linux.cpp:2794), pid=31602, tid=0x00007f6f8f918640
#
# JRE version:  (8.0_362-b09) (build )
# Java VM: OpenJDK 64-Bit Server VM (25.362-b09 mixed mode linux-amd64 compressed oops)
# Failed to write core dump. Core dumps have been disabled. To enable core dumping, try "ulimit -c unlimited" before starting Java again
#

---------------  T H R E A D  ---------------

Current thread (0x00007f6f8800f000):  JavaThread "Unknown thread" [_thread_in_vm, id=31939, stack(0x00007f6f8f819000,0x00007f6f8f919000)]

Stack: [0x00007f6f8f819000,0x00007f6f8f919000],  sp=0x00007f6f8f917360,  free space=1016k
Native frames: (J=compiled Java code, j=interpreted, Vv=VM code, C=native code)
V  [libjvm.so+0xb3cf67]
V  [libjvm.so+0x4ef48f]
V  [libjvm.so+0x981b61]
V  [libjvm.so+0x97bce0]
V  [libjvm.so+0x5b76ac]
V  [libjvm.so+0x5b7863]
V  [libjvm.so+0x5ba1f9]
V  [libjvm.so+0x62db44]
V  [libjvm.so+0x62eb21]
V  [libjvm.so+0x62ef48]
V  [libjvm.so+0x590fa2]
V  [libjvm.so+0x59973e]
V  [libjvm.so+0xafffc1]
V  [libjvm.so+0xb00276]
V  [libjvm.so+0x64308f]
V  [libjvm.so+0xadf590]
V  [libjvm.so+0x71a030]  JNI_CreateJavaVM+0x60
C  [libjli.so+0x441a]
C  [libjli.so+0x8971]
C  [libc.so.6+0x94b43]


---------------  P R O C E S S  ---------------

Java Threads: ( => current thread )

Other Threads:

=>0x00007f6f8800f000 (exited) JavaThread "Unknown thread" [_thread_in_vm, id=31939, stack(0x00007f6f8f819000,0x00007f6f8f919000)]

VM state:not at safepoint (not fully initialized)

VM Mutex/Monitor currently owned by a thread:  ([mutex/lock_event])
[0x00007f6f8800de50] Heap_lock - owner thread: 0x00007f6f8800f000

heap address: 0x00000000c0000000, size: 1024 MB, Compressed Oops mode: Non-zero based:0x00000000bffff000
Narrow klass base: 0x0000000000000000, Narrow klass shift: 0

GC Heap History (0 events):
No events

Deoptimization events (0 events):
No events

Classes redefined (0 events):
No events

Internal exceptions (0 events):
No events

Events (0 events):
No events


Dynamic libraries:
55e554135000-55e554136000 r--p 00000000 ca:01 530785                     /usr/lib/jvm/java-8-openjdk-amd64/jre/bin/java
55e554136000-55e554137000 r-xp 00001000 ca:01 530785                     /usr/lib/jvm/java-8-openjdk-amd64/jre/bin/java
55e554137000-55e554138000 r--p 00002000 ca:01 530785                     /usr/lib/jvm/java-8-openjdk-amd64/jre/bin/java
55e554138000-55e554139000 r--p 00002000 ca:01 530785                     /usr/lib/jvm/java-8-openjdk-amd64/jre/bin/java
55e554139000-55e55413a000 rw-p 00003000 ca:01 530785                     /usr/lib/jvm/java-8-openjdk-amd64/jre/bin/java
55e554ee7000-55e554f08000 rw-p 00000000 00:00 0                          [heap]
7f6f60000000-7f6f60021000 rw-p 00000000 00:00 0 
7f6f60021000-7f6f64000000 ---p 00000000 00:00 0 
7f6f64000000-7f6f64021000 rw-p 00000000 00:00 0 
7f6f64021000-7f6f68000000 ---p 00000000 00:00 0 
7f6f6a000000-7f6f6c000000 rw-p 00000000 00:00 0 
7f6f6c000000-7f6f6c021000 rw-p 00000000 00:00 0 
7f6f6c021000-7f6f70000000 ---p 00000000 00:00 0 
7f6f70000000-7f6f70021000 rw-p 00000000 00:00 0 
7f6f70021000-7f6f74000000 ---p 00000000 00:00 0 
7f6f74000000-7f6f74021000 rw-p 00000000 00:00 0 
7f6f74021000-7f6f79000000 ---p 00000000 00:00 0 
7f6f79000000-7f6f79270000 rwxp 00000000 00:00 0 
7f6f79270000-7f6f88000000 ---p 00000000 00:00 0 
7f6f88000000-7f6f88066000 rw-p 00000000 00:00 0 
7f6f88066000-7f6f8c000000 ---p 00000000 00:00 0 
7f6f8c43a000-7f6f8c53b000 rw-p 00000000 00:00 0 
7f6f8c53b000-7f6f8c53c000 ---p 00000000 00:00 0 
7f6f8c53c000-7f6f8c63c000 rw-p 00000000 00:00 0 
7f6f8c63c000-7f6f8c63d000 ---p 00000000 00:00 0 
7f6f8c63d000-7f6f8c73d000 rw-p 00000000 00:00 0 
7f6f8c73d000-7f6f8df3d000 ---p 00000000 00:00 0 
7f6f8df3d000-7f6f8df3e000 ---p 00000000 00:00 0 
7f6f8df3e000-7f6f8e03e000 rw-p 00000000 00:00 0 
7f6f8e03e000-7f6f8e03f000 ---p 00000000 00:00 0 
7f6f8e03f000-7f6f8e24a000 rw-p 00000000 00:00 0 
7f6f8e24a000-7f6f8e600000 ---p 00000000 00:00 0 
7f6f8e600000-7f6f8e69a000 r--p 00000000 ca:01 3575                       /usr/lib/x86_64-linux-gnu/libstdc++.so.6.0.30
7f6f8e69a000-7f6f8e7aa000 r-xp 0009a000 ca:01 3575                       /usr/lib/x86_64-linux-gnu/libstdc++.so.6.0.30
7f6f8e7aa000-7f6f8e819000 r--p 001aa000 ca:01 3575                       /usr/lib/x86_64-linux-gnu/libstdc++.so.6.0.30
7f6f8e819000-7f6f8e824000 r--p 00218000 ca:01 3575                       /usr/lib/x86_64-linux-gnu/libstdc++.so.6.0.30
7f6f8e824000-7f6f8e827000 rw-p 00223000 ca:01 3575                       /usr/lib/x86_64-linux-gnu/libstdc++.so.6.0.30
7f6f8e827000-7f6f8e82a000 rw-p 00000000 00:00 0 
7f6f8e8be000-7f6f8e8ff000 rw-p 00000000 00:00 0 
7f6f8e8ff000-7f6f8e900000 ---p 00000000 00:00 0 
7f6f8e900000-7f6f8ea00000 rw-p 00000000 00:00 0 
7f6f8ea00000-7f6f8ebf5000 r--p 00000000 ca:01 530834                     /usr/lib/jvm/java-8-openjdk-amd64/jre/lib/amd64/server/libjvm.so
7f6f8ebf5000-7f6f8f565000 r-xp 001f5000 ca:01 530834                     /usr/lib/jvm/java-8-openjdk-amd64/jre/lib/amd64/server/libjvm.so
7f6f8f565000-7f6f8f710000 r--p 00b65000 ca:01 530834                     /usr/lib/jvm/java-8-openjdk-amd64/jre/lib/amd64/server/libjvm.so
7f6f8f710000-7f6f8f711000 ---p 00d10000 ca:01 530834                     /usr/lib/jvm/java-8-openjdk-amd64/jre/lib/amd64/server/libjvm.so
7f6f8f711000-7f6f8f7a7000 r--p 00d10000 ca:01 530834                     /usr/lib/jvm/java-8-openjdk-amd64/jre/lib/amd64/server/libjvm.so
7f6f8f7a7000-7f6f8f7d0000 rw-p 00da6000 ca:01 530834                     /usr/lib/jvm/java-8-openjdk-amd64/jre/lib/amd64/server/libjvm.so
7f6f8f7d0000-7f6f8f803000 rw-p 00000000 00:00 0 
7f6f8f818000-7f6f8f819000 ---p 00000000 00:00 0 
7f6f8f819000-7f6f8f81c000 ---p 00000000 00:00 0 
7f6f8f81c000-7f6f8f919000 rw-p 00000000 00:00 0 
7f6f8f919000-7f6f8f927000 r--p 00000000 ca:01 3584                       /usr/lib/x86_64-linux-gnu/libm.so.6
7f6f8f927000-7f6f8f9a3000 r-xp 0000e000 ca:01 3584                       /usr/lib/x86_64-linux-gnu/libm.so.6
7f6f8f9a3000-7f6f8f9fe000 r--p 0008a000 ca:01 3584                       /usr/lib/x86_64-linux-gnu/libm.so.6
7f6f8f9fe000-7f6f8f9ff000 r--p 000e4000 ca:01 3584                       /usr/lib/x86_64-linux-gnu/libm.so.6
7f6f8f9ff000-7f6f8fa00000 rw-p 000e5000 ca:01 3584                       /usr/lib/x86_64-linux-gnu/libm.so.6
7f6f8fa00000-7f6f8fa28000 r--p 00000000 ca:01 3581                       /usr/lib/x86_64-linux-gnu/libc.so.6
7f6f8fa28000-7f6f8fbbd000 r-xp 00028000 ca:01 3581                       /usr/lib/x86_64-linux-gnu/libc.so.6
7f6f8fbbd000-7f6f8fc15000 r--p 001bd000 ca:01 3581                       /usr/lib/x86_64-linux-gnu/libc.so.6
7f6f8fc15000-7f6f8fc19000 r--p 00214000 ca:01 3581                       /usr/lib/x86_64-linux-gnu/libc.so.6
7f6f8fc19000-7f6f8fc1b000 rw-p 00218000 ca:01 3581                       /usr/lib/x86_64-linux-gnu/libc.so.6
7f6f8fc1b000-7f6f8fc28000 rw-p 00000000 00:00 0 
7f6f8fc2c000-7f6f8fc6d000 rw-p 00000000 00:00 0 
7f6f8fc6d000-7f6f8fc70000 r--p 00000000 ca:01 530831                     /usr/lib/jvm/java-8-openjdk-amd64/jre/lib/amd64/libzip.so
7f6f8fc70000-7f6f8fc75000 r-xp 00003000 ca:01 530831                     /usr/lib/jvm/java-8-openjdk-amd64/jre/lib/amd64/libzip.so
7f6f8fc75000-7f6f8fc77000 r--p 00008000 ca:01 530831                     /usr/lib/jvm/java-8-openjdk-amd64/jre/lib/amd64/libzip.so
7f6f8fc77000-7f6f8fc78000 r--p 00009000 ca:01 530831                     /usr/lib/jvm/java-8-openjdk-amd64/jre/lib/amd64/libzip.so
7f6f8fc78000-7f6f8fc79000 rw-p 0000a000 ca:01 530831                     /usr/lib/jvm/java-8-openjdk-amd64/jre/lib/amd64/libzip.so
7f6f8fc79000-7f6f8fc81000 rw-s 00000000 ca:01 556830                     /tmp/hsperfdata_ubuntu/31602
7f6f8fc81000-7f6f8fc8e000 r--p 00000000 ca:01 530812                     /usr/lib/jvm/java-8-openjdk-amd64/jre/lib/amd64/libjava.so
7f6f8fc8e000-7f6f8fca6000 r-xp 0000d000 ca:01 530812                     /usr/lib/jvm/java-8-openjdk-amd64/jre/lib/amd64/libjava.so
7f6f8fca6000-7f6f8fcad000 r--p 00025000 ca:01 530812                     /usr/lib/jvm/java-8-openjdk-amd64/jre/lib/amd64/libjava.so
7f6f8fcad000-7f6f8fcae000 r--p 0002b000 ca:01 530812                     /usr/lib/jvm/java-8-openjdk-amd64/jre/lib/amd64/libjava.so
7f6f8fcae000-7f6f8fcb0000 rw-p 0002c000 ca:01 530812                     /usr/lib/jvm/java-8-openjdk-amd64/jre/lib/amd64/libjava.so
7f6f8fcb0000-7f6f8fcb5000 r--p 00000000 ca:01 530830                     /usr/lib/jvm/java-8-openjdk-amd64/jre/lib/amd64/libverify.so
7f6f8fcb5000-7f6f8fcbe000 r-xp 00005000 ca:01 530830                     /usr/lib/jvm/java-8-openjdk-amd64/jre/lib/amd64/libverify.so
7f6f8fcbe000-7f6f8fcc0000 r--p 0000e000 ca:01 530830                     /usr/lib/jvm/java-8-openjdk-amd64/jre/lib/amd64/libverify.so
7f6f8fcc0000-7f6f8fcc2000 r--p 0000f000 ca:01 530830                     /usr/lib/jvm/java-8-openjdk-amd64/jre/lib/amd64/libverify.so
7f6f8fcc2000-7f6f8fcc3000 rw-p 00011000 ca:01 530830                     /usr/lib/jvm/java-8-openjdk-amd64/jre/lib/amd64/libverify.so
7f6f8fcc3000-7f6f8fcc4000 r--p 00000000 ca:01 3595                       /usr/lib/x86_64-linux-gnu/librt.so.1
7f6f8fcc4000-7f6f8fcc5000 r-xp 00001000 ca:01 3595                       /usr/lib/x86_64-linux-gnu/librt.so.1
7f6f8fcc5000-7f6f8fcc6000 r--p 00002000 ca:01 3595                       /usr/lib/x86_64-linux-gnu/librt.so.1
7f6f8fcc6000-7f6f8fcc7000 r--p 00002000 ca:01 3595                       /usr/lib/x86_64-linux-gnu/librt.so.1
7f6f8fcc7000-7f6f8fcc8000 rw-p 00003000 ca:01 3595                       /usr/lib/x86_64-linux-gnu/librt.so.1
7f6f8fcc8000-7f6f8fccb000 r--p 00000000 ca:01 3576                       /usr/lib/x86_64-linux-gnu/libgcc_s.so.1
7f6f8fccb000-7f6f8fce2000 r-xp 00003000 ca:01 3576                       /usr/lib/x86_64-linux-gnu/libgcc_s.so.1
7f6f8fce2000-7f6f8fce6000 r--p 0001a000 ca:01 3576                       /usr/lib/x86_64-linux-gnu/libgcc_s.so.1
7f6f8fce6000-7f6f8fce7000 r--p 0001d000 ca:01 3576                       /usr/lib/x86_64-linux-gnu/libgcc_s.so.1
7f6f8fce7000-7f6f8fce8000 rw-p 0001e000 ca:01 3576                       /usr/lib/x86_64-linux-gnu/libgcc_s.so.1
7f6f8fce8000-7f6f8fcea000 rw-p 00000000 00:00 0 
7f6f8fcea000-7f6f8fcec000 r--p 00000000 ca:01 3968                       /usr/lib/x86_64-linux-gnu/libz.so.1.2.11
7f6f8fcec000-7f6f8fcfd000 r-xp 00002000 ca:01 3968                       /usr/lib/x86_64-linux-gnu/libz.so.1.2.11
7f6f8fcfd000-7f6f8fd03000 r--p 00013000 ca:01 3968                       /usr/lib/x86_64-linux-gnu/libz.so.1.2.11
7f6f8fd03000-7f6f8fd04000 ---p 00019000 ca:01 3968                       /usr/lib/x86_64-linux-gnu/libz.so.1.2.11
7f6f8fd04000-7f6f8fd05000 r--p 00019000 ca:01 3968                       /usr/lib/x86_64-linux-gnu/libz.so.1.2.11
7f6f8fd05000-7f6f8fd06000 rw-p 0001a000 ca:01 3968                       /usr/lib/x86_64-linux-gnu/libz.so.1.2.11
7f6f8fd0c000-7f6f8fd0d000 rw-p 00000000 00:00 0 
7f6f8fd0d000-7f6f8fd10000 r--p 00000000 ca:01 530798                     /usr/lib/jvm/java-8-openjdk-amd64/jre/lib/amd64/jli/libjli.so
7f6f8fd10000-7f6f8fd19000 r-xp 00003000 ca:01 530798                     /usr/lib/jvm/java-8-openjdk-amd64/jre/lib/amd64/jli/libjli.so
7f6f8fd19000-7f6f8fd1c000 r--p 0000c000 ca:01 530798                     /usr/lib/jvm/java-8-openjdk-amd64/jre/lib/amd64/jli/libjli.so
7f6f8fd1c000-7f6f8fd1d000 r--p 0000e000 ca:01 530798                     /usr/lib/jvm/java-8-openjdk-amd64/jre/lib/amd64/jli/libjli.so
7f6f8fd1d000-7f6f8fd1e000 rw-p 0000f000 ca:01 530798                     /usr/lib/jvm/java-8-openjdk-amd64/jre/lib/amd64/jli/libjli.so
7f6f8fd1e000-7f6f8fd20000 rw-p 00000000 00:00 0 
7f6f8fd20000-7f6f8fd22000 r--p 00000000 ca:01 3578                       /usr/lib/x86_64-linux-gnu/ld-linux-x86-64.so.2
7f6f8fd22000-7f6f8fd4c000 r-xp 00002000 ca:01 3578                       /usr/lib/x86_64-linux-gnu/ld-linux-x86-64.so.2
7f6f8fd4c000-7f6f8fd57000 r--p 0002c000 ca:01 3578                       /usr/lib/x86_64-linux-gnu/ld-linux-x86-64.so.2
7f6f8fd57000-7f6f8fd58000 r--p 00000000 00:00 0 
7f6f8fd58000-7f6f8fd5a000 r--p 00037000 ca:01 3578                       /usr/lib/x86_64-linux-gnu/ld-linux-x86-64.so.2
7f6f8fd5a000-7f6f8fd5c000 rw-p 00039000 ca:01 3578                       /usr/lib/x86_64-linux-gnu/ld-linux-x86-64.so.2
7fff43456000-7fff43479000 rw-p 00000000 00:00 0                          [stack]
7fff435ed000-7fff435f1000 r--p 00000000 00:00 0                          [vvar]
7fff435f1000-7fff435f3000 r-xp 00000000 00:00 0                          [vdso]
ffffffffff600000-ffffffffff601000 --xp 00000000 00:00 0                  [vsyscall]

VM Arguments:
jvm_args: -Xmx1G -Xms1G -XX:+UseG1GC -XX:MaxGCPauseMillis=20 -XX:InitiatingHeapOccupancyPercent=35 -XX:+ExplicitGCInvokesConcurrent -XX:MaxInlineLevel=15 -Djava.awt.headless=true -Xloggc:/home/ubuntu/kafka/bin/../logs/kafkaServer-gc.log -verbose:gc -XX:+PrintGCDetails -XX:+PrintGCDateStamps -XX:+PrintGCTimeStamps -XX:+UseGCLogFileRotation -XX:NumberOfGCLogFiles=10 -XX:GCLogFileSize=100M -Dcom.sun.management.jmxremote -Dcom.sun.management.jmxremote.authenticate=false -Dcom.sun.management.jmxremote.ssl=false -Dkafka.logs.dir=/home/ubuntu/kafka/bin/../logs -Dlog4j.configuration=file:/home/ubuntu/kafka/bin/../config/log4j.properties 
java_command: kafka.Kafka /home/ubuntu/kafka/config/kraft/server.properties
java_class_path (initial): /home/ubuntu/kafka/bin/../libs/activation-1.1.1.jar:/home/ubuntu/kafka/bin/../libs/aopalliance-repackaged-2.6.1.jar:/home/ubuntu/kafka/bin/../libs/argparse4j-0.7.0.jar:/home/ubuntu/kafka/bin/../libs/audience-annotations-0.13.0.jar:/home/ubuntu/kafka/bin/../libs/commons-cli-1.4.jar:/home/ubuntu/kafka/bin/../libs/commons-lang3-3.8.1.jar:/home/ubuntu/kafka/bin/../libs/connect-api-3.5.0.jar:/home/ubuntu/kafka/bin/../libs/connect-basic-auth-extension-3.5.0.jar:/home/ubuntu/kafka/bin/../libs/connect-json-3.5.0.jar:/home/ubuntu/kafka/bin/../libs/connect-mirror-3.5.0.jar:/home/ubuntu/kafka/bin/../libs/connect-mirror-client-3.5.0.jar:/home/ubuntu/kafka/bin/../libs/connect-runtime-3.5.0.jar:/home/ubuntu/kafka/bin/../libs/connect-transforms-3.5.0.jar:/home/ubuntu/kafka/bin/../libs/hk2-api-2.6.1.jar:/home/ubuntu/kafka/bin/../libs/hk2-locator-2.6.1.jar:/home/ubuntu/kafka/bin/../libs/hk2-utils-2.6.1.jar:/home/ubuntu/kafka/bin/../libs/jackson-annotations-2.13.5.jar:/home/ubuntu/kafka/bin/../libs/jackson-core-2.13.5.jar:/home/ubuntu/kafka/bin/../libs/jackson-databind-2.13.5.jar:/home/ubuntu/kafka/bin/../libs/jackson-dataformat-csv-2.13.5.jar:/home/ubuntu/kafka/bin/../libs/jackson-datatype-jdk8-2.13.5.jar:/home/ubuntu/kafka/bin/../libs/jackson-jaxrs-base-2.13.5.jar:/home/ubuntu/kafka/bin/../libs/jackson-jaxrs-json-provider-2.13.5.jar:/home/ubuntu/kafka/bin/../libs/jackson-module-jaxb-annotations-2.13.5.jar:/home/ubuntu/kafka/bin/../libs/jackson-module-scala_2.13-2.13.5.jar:/home/ubuntu/kafka/bin/../libs/jakarta.activation-api-1.2.2.jar:/home/ubuntu/kafka/bin/../libs/jakarta.annotation-api-1.3.5.jar:/home/ubuntu/kafka/bin/../libs/jakarta.inject-2.6.1.jar:/home/ubuntu/kafka/bin/../libs/jakarta.validation-api-2.0.2.jar:/home/ubuntu/kafka/bin/../libs/jakarta.ws.rs-api-2.1.6.jar:/home/ubuntu/kafka/bin/../libs/jakarta.xml.bind-api-2.3.3.jar:/home/ubuntu/kafka/bin/../libs/javassist-3.29.2-GA.jar:/home/ubuntu/kafka/bin/../libs/javax.activation-api-1.2.0.jar:/hom
Launcher Type: SUN_STANDARD

Environment Variables:
JAVA_HOME=/usr/lib/jvm/java-8-openjdk-amd64
PATH=/home/ubuntu//.local/bin:/usr/local/sbin:/usr/local/bin:/usr/sbin:/usr/bin:/sbin:/bin:/usr/games:/usr/local/games:/snap/bin:/home/ubuntu//kafka/bin:/home/ubuntu/hadoop/sbin:/home/ubuntu/hadoop/bin:/home/ubuntu/hive/bin
SHELL=/bin/bash

Signal Handlers:
SIGSEGV: [libjvm.so+0xb3e4a0], sa_mask[0]=11111111011111111101111111111110, sa_flags=SA_RESTART|SA_SIGINFO
SIGBUS: [libjvm.so+0xb3e4a0], sa_mask[0]=11111111011111111101111111111110, sa_flags=SA_RESTART|SA_SIGINFO
SIGFPE: [libjvm.so+0x97cdf0], sa_mask[0]=11111111011111111101111111111110, sa_flags=SA_RESTART|SA_SIGINFO
SIGPIPE: [libjvm.so+0x97cdf0], sa_mask[0]=11111111011111111101111111111110, sa_flags=SA_RESTART|SA_SIGINFO
SIGXFSZ: [libjvm.so+0x97cdf0], sa_mask[0]=11111111011111111101111111111110, sa_flags=SA_RESTART|SA_SIGINFO
SIGILL: [libjvm.so+0x97cdf0], sa_mask[0]=11111111011111111101111111111110, sa_flags=SA_RESTART|SA_SIGINFO
SIGUSR1: SIG_DFL, sa_mask[0]=00000000000000000000000000000000, sa_flags=none
SIGUSR2: [libjvm.so+0x97d120], sa_mask[0]=00000000000000000000000000000000, sa_flags=SA_RESTART|SA_SIGINFO
SIGHUP: SIG_DFL, sa_mask[0]=00000000000000000000000000000000, sa_flags=none
SIGINT: SIG_DFL, sa_mask[0]=00000000000000000000000000000000, sa_flags=none
SIGTERM: SIG_DFL, sa_mask[0]=00000000000000000000000000000000, sa_flags=none
SIGQUIT: SIG_DFL, sa_mask[0]=00000000000000000000000000000000, sa_flags=none


---------------  S Y S T E M  ---------------

OS:DISTRIB_ID=Ubuntu
DISTRIB_RELEASE=22.04
DISTRIB_CODENAME=jammy
DISTRIB_DESCRIPTION="Ubuntu 22.04.2 LTS"

uname:Linux 5.19.0-1025-aws #26~22.04.1-Ubuntu SMP Mon Apr 24 01:58:15 UTC 2023 x86_64
libc:glibc 2.35 NPTL 2.35 
rlimit: STACK 8192k, CORE 0k, NPROC 3804, NOFILE 1048576, AS infinity
load average:2.40 5.05 3.07

/proc/meminfo:
MemTotal:         988920 kB
MemFree:           73084 kB
MemAvailable:      52924 kB
Buffers:            2596 kB
Cached:            98072 kB
SwapCached:            0 kB
Active:            44448 kB
Inactive:         638256 kB
Active(anon):       5860 kB
Inactive(anon):   605684 kB
Active(file):      38588 kB
Inactive(file):    32572 kB
Unevictable:       34396 kB
Mlocked:           27620 kB
SwapTotal:             0 kB
SwapFree:              0 kB
Zswap:                 0 kB
Zswapped:              0 kB
Dirty:               120 kB
Writeback:             0 kB
AnonPages:        616488 kB
Mapped:            60816 kB
Shmem:             13648 kB
KReclaimable:      31152 kB
Slab:              98084 kB
SReclaimable:      31152 kB
SUnreclaim:        66932 kB
KernelStack:        4764 kB
PageTables:         5784 kB
NFS_Unstable:          0 kB
Bounce:                0 kB
WritebackTmp:          0 kB
CommitLimit:      494460 kB
Committed_AS:    1403212 kB
VmallocTotal:   34359738367 kB
VmallocUsed:       29740 kB
VmallocChunk:          0 kB
Percpu:            10048 kB
HardwareCorrupted:     0 kB
AnonHugePages:         0 kB
ShmemHugePages:        0 kB
ShmemPmdMapped:        0 kB
FileHugePages:         0 kB
FilePmdMapped:         0 kB
HugePages_Total:       0
HugePages_Free:        0
HugePages_Rsvd:        0
HugePages_Surp:        0
Hugepagesize:       2048 kB
Hugetlb:               0 kB
DirectMap4k:       81920 kB
DirectMap2M:      966656 kB

container (cgroup) information:
container_type: cgroupv2
cpu_cpuset_cpus: failed
cpu_memory_nodes: failed
active_processor_count: 1
cpu_quota: -2
cpu_period: -2
cpu_shares: -2
memory_limit_in_bytes: -1
memory_and_swap_limit_in_bytes: -1
memory_soft_limit_in_bytes: 0
memory_usage_in_bytes: 161419264
memory_max_usage_in_bytes: -2


CPU:total 1 (initial active 1) (1 cores per cpu, 1 threads per core) family 6 model 63 stepping 2, cmov, cx8, fxsr, mmx, sse, sse2, sse3, ssse3, sse4.1, sse4.2, popcnt, avx, avx2, aes, clmul, erms, lzcnt, tsc, bmi1, bmi2

/proc/cpuinfo:
processor	: 0
vendor_id	: GenuineIntel
cpu family	: 6
model		: 63
model name	: Intel(R) Xeon(R) CPU E5-2676 v3 @ 2.40GHz
stepping	: 2
microcode	: 0x49
cpu MHz		: 2399.898
cache size	: 30720 KB
physical id	: 0
siblings	: 1
core id		: 0
cpu cores	: 1
apicid		: 0
initial apicid	: 0
fpu		: yes
fpu_exception	: yes
cpuid level	: 13
wp		: yes
flags		: fpu vme de pse tsc msr pae mce cx8 apic sep mtrr pge mca cmov pat pse36 clflush mmx fxsr sse sse2 ht syscall nx rdtscp lm constant_tsc rep_good nopl xtopology cpuid tsc_known_freq pni pclmulqdq ssse3 fma cx16 pcid sse4_1 sse4_2 x2apic movbe popcnt tsc_deadline_timer aes xsave avx f16c rdrand hypervisor lahf_lm abm cpuid_fault invpcid_single pti fsgsbase bmi1 avx2 smep bmi2 erms invpcid xsaveopt
bugs		: cpu_meltdown spectre_v1 spectre_v2 spec_store_bypass l1tf mds swapgs itlb_multihit mmio_stale_data
bogomips	: 4800.02
clflush size	: 64
cache_alignment	: 64
address sizes	: 46 bits physical, 48 bits virtual
power management:



Memory: 4k page, physical 988920k(73084k free), swap 0k(0k free)

vm_info: OpenJDK 64-Bit Server VM (25.362-b09) for linux-amd64 JRE (1.8.0_362-8u372-ga~us1-0ubuntu1~22.04-b09), built on May  6 2023 10:53:54 by "buildd" with gcc 11.3.0

time: Mon Jul 31 10:11:23 2023
timezone: UTC
elapsed time: 0.010250 seconds (0d 0h 0m 0s)

